#
# There is insufficient memory for the Java Runtime Environment to continue.
# Native memory allocation (malloc) failed to allocate 1099056 bytes. Error detail: Chunk::new
# Possible reasons:
#   The system is out of physical RAM or swap space
#   This process is running with CompressedOops enabled, and the Java Heap may be blocking the growth of the native heap
# Possible solutions:
#   Reduce memory load on the system
#   Increase physical memory or swap space
#   Check if swap backing store is full
#   Decrease Java heap size (-Xmx/-Xms)
#   Decrease number of Java threads
#   Decrease Java thread stack sizes (-Xss)
#   Set larger code cache with -XX:ReservedCodeCacheSize=
#   JVM is running with Unscaled Compressed Oops mode in which the Java heap is
#     placed in the first 4GB address space. The Java Heap base address is the
#     maximum limit for the native heap growth. Please use -XX:HeapBaseMinAddress
#     to set the Java Heap base and to place the Java Heap above 4GB virtual address.
# This output file may be truncated or incomplete.
#
#  Out of Memory Error (arena.cpp:168), pid=33008, tid=15216
#
# JRE version: OpenJDK Runtime Environment Temurin-21.0.6+7 (21.0.6+7) (build 21.0.6+7-LTS)
# Java VM: OpenJDK 64-Bit Server VM Temurin-21.0.6+7 (21.0.6+7-LTS, mixed mode, sharing, tiered, compressed oops, compressed class ptrs, parallel gc, windows-amd64)
# No core dump will be written. Minidumps are not enabled by default on client versions of Windows
#

---------------  S U M M A R Y ------------

Command Line: --add-modules=ALL-SYSTEM --add-opens=java.base/java.util=ALL-UNNAMED --add-opens=java.base/java.lang=ALL-UNNAMED --add-opens=java.base/sun.nio.fs=ALL-UNNAMED -Declipse.application=org.eclipse.jdt.ls.core.id1 -Dosgi.bundles.defaultStartLevel=4 -Declipse.product=org.eclipse.jdt.ls.core.product -Djava.import.generatesMetadataFilesAtProjectRoot=false -DDetectVMInstallationsJob.disabled=true -Dfile.encoding=utf8 -XX:+UseParallelGC -XX:GCTimeRatio=4 -XX:AdaptiveSizePolicyWeight=90 -Dsun.zip.disableMemoryMapping=true -Xmx1G -Xms100m -Xlog:disable -javaagent:c:\Users\hosny\.cursor\extensions\redhat.java-1.40.0-win32-x64\lombok\lombok-1.18.36.jar -XX:+HeapDumpOnOutOfMemoryError -XX:HeapDumpPath=c:\Users\hosny\AppData\Roaming\Cursor\User\workspaceStorage\118028b00ceaf41fbe1e63c184424521\redhat.java -Daether.dependencyCollector.impl=bf c:\Users\hosny\.cursor\extensions\redhat.java-1.40.0-win32-x64\server\plugins\org.eclipse.equinox.launcher_1.6.1000.v20250131-0606.jar -configuration c:\Users\hosny\AppData\Roaming\Cursor\User\globalStorage\redhat.java\1.40.0\config_win -data c:\Users\hosny\AppData\Roaming\Cursor\User\workspaceStorage\118028b00ceaf41fbe1e63c184424521\redhat.java\jdt_ws --pipe=\\.\pipe\lsp-c5a65c0f335eaa61e4418fcee2470167-sock

Host: AMD Ryzen 7 5800H with Radeon Graphics         , 16 cores, 13G,  Windows 10 , 64 bit Build 19041 (10.0.19041.5438)
Time: Sun Mar 16 00:10:51 2025 Egypt Standard Time elapsed time: 928.297047 seconds (0d 0h 15m 28s)

---------------  T H R E A D  ---------------

Current thread (0x000001cded5e9c30):  JavaThread "C2 CompilerThread2" daemon [_thread_in_native, id=15216, stack(0x000000c73c100000,0x000000c73c200000) (1024K)]


Current CompileTask:
C2:928297 14534  s!   4       org.eclipse.jdt.internal.core.index.DiskIndex::readCategoryTable (743 bytes)

Stack: [0x000000c73c100000,0x000000c73c200000]
Native frames: (J=compiled Java code, j=interpreted, Vv=VM code, C=native code)
V  [jvm.dll+0x6cdee9]
V  [jvm.dll+0x8a83d1]
V  [jvm.dll+0x8aa8fe]
V  [jvm.dll+0x8aafe3]
V  [jvm.dll+0x27f706]
V  [jvm.dll+0xc500d]
V  [jvm.dll+0xc5543]
V  [jvm.dll+0x3b6752]
V  [jvm.dll+0x1dfe13]
V  [jvm.dll+0x247b42]
V  [jvm.dll+0x246fcf]
V  [jvm.dll+0x1c75ee]
V  [jvm.dll+0x25685a]
V  [jvm.dll+0x254dfa]
V  [jvm.dll+0x3f0256]
V  [jvm.dll+0x851f8b]
V  [jvm.dll+0x6cc5ed]
C  [ucrtbase.dll+0x21bb2]
C  [KERNEL32.DLL+0x17374]
C  [ntdll.dll+0x4cc91]


---------------  P R O C E S S  ---------------

Threads class SMR info:
_java_thread_list=0x000001cdf0676910, length=63, elements={
0x000001cdc58b5c70, 0x000001cddbeacba0, 0x000001cddbeae400, 0x000001cddbeaff80,
0x000001cddbeb0e90, 0x000001cddbebd6c0, 0x000001cddd57b480, 0x000001cddd587b20,
0x000001cddd5885b0, 0x000001cddd578d20, 0x000001cddd578690, 0x000001cddd5793b0,
0x000001cddd578000, 0x000001cddd57a0d0, 0x000001cddd57a760, 0x000001cddd57adf0,
0x000001cddd8afd40, 0x000001cddd8af020, 0x000001cddd8b1e10, 0x000001cddd8b1780,
0x000001cddd8ae300, 0x000001cddd8b10f0, 0x000001cddd8b24a0, 0x000001cddd8b2b30,
0x000001cddd8adc70, 0x000001cddd8ae990, 0x000001cddd8b31c0, 0x000001cddd8ac230,
0x000001cddd8ac8c0, 0x000001cddd8acf50, 0x000001cde72237c0, 0x000001cde7223e50,
0x000001cde72244e0, 0x000001cde7227960, 0x000001cde72293a0, 0x000001cde7228d10,
0x000001cde7226c40, 0x000001cde7229a30, 0x000001cde7225890, 0x000001cde7225f20,
0x000001cde722a750, 0x000001cdefc7fb10, 0x000001cdf0193910, 0x000001cde5347fe0,
0x000001cde534a740, 0x000001cde534dbc0, 0x000001cde53472c0, 0x000001cde534c180,
0x000001cde534baf0, 0x000001cde5349390, 0x000001cde5349a20, 0x000001cde534c810,
0x000001cde534b460, 0x000001cde534cea0, 0x000001cde5348670, 0x000001cde534d530,
0x000001cde5346c30, 0x000001cde534e250, 0x000001cded5e7a20, 0x000001cded5e9c30,
0x000001cded5ebe40, 0x000001cded5eb770, 0x000001cded5ea9d0
}

Java Threads: ( => current thread )
  0x000001cdc58b5c70 JavaThread "main"                              [_thread_blocked, id=15524, stack(0x000000c737900000,0x000000c737a00000) (1024K)]
  0x000001cddbeacba0 JavaThread "Reference Handler"          daemon [_thread_blocked, id=33284, stack(0x000000c737d00000,0x000000c737e00000) (1024K)]
  0x000001cddbeae400 JavaThread "Finalizer"                  daemon [_thread_blocked, id=30384, stack(0x000000c737e00000,0x000000c737f00000) (1024K)]
  0x000001cddbeaff80 JavaThread "Signal Dispatcher"          daemon [_thread_blocked, id=12340, stack(0x000000c737f00000,0x000000c738000000) (1024K)]
  0x000001cddbeb0e90 JavaThread "Attach Listener"            daemon [_thread_blocked, id=31644, stack(0x000000c738000000,0x000000c738100000) (1024K)]
  0x000001cddbebd6c0 JavaThread "Service Thread"             daemon [_thread_blocked, id=19484, stack(0x000000c738100000,0x000000c738200000) (1024K)]
  0x000001cddd57b480 JavaThread "Monitor Deflation Thread"   daemon [_thread_blocked, id=12520, stack(0x000000c738200000,0x000000c738300000) (1024K)]
  0x000001cddd587b20 JavaThread "C2 CompilerThread0"         daemon [_thread_in_native, id=32680, stack(0x000000c738300000,0x000000c738400000) (1024K)]
  0x000001cddd5885b0 JavaThread "C1 CompilerThread0"         daemon [_thread_blocked, id=11468, stack(0x000000c738400000,0x000000c738500000) (1024K)]
  0x000001cddd578d20 JavaThread "Common-Cleaner"             daemon [_thread_blocked, id=11728, stack(0x000000c738500000,0x000000c738600000) (1024K)]
  0x000001cddd578690 JavaThread "Notification Thread"        daemon [_thread_blocked, id=14708, stack(0x000000c738a00000,0x000000c738b00000) (1024K)]
  0x000001cddd5793b0 JavaThread "Active Thread: Equinox Container: 235421ed-4980-4369-b0b7-f7df2914238e"        [_thread_blocked, id=15640, stack(0x000000c739200000,0x000000c739300000) (1024K)]
  0x000001cddd578000 JavaThread "Refresh Thread: Equinox Container: 235421ed-4980-4369-b0b7-f7df2914238e" daemon [_thread_blocked, id=33840, stack(0x000000c738900000,0x000000c738a00000) (1024K)]
  0x000001cddd57a0d0 JavaThread "Framework Event Dispatcher: Equinox Container: 235421ed-4980-4369-b0b7-f7df2914238e" daemon [_thread_blocked, id=29828, stack(0x000000c738b00000,0x000000c738c00000) (1024K)]
  0x000001cddd57a760 JavaThread "Start Level: Equinox Container: 235421ed-4980-4369-b0b7-f7df2914238e" daemon [_thread_blocked, id=7812, stack(0x000000c739100000,0x000000c739200000) (1024K)]
  0x000001cddd57adf0 JavaThread "Bundle File Closer"         daemon [_thread_blocked, id=23164, stack(0x000000c739400000,0x000000c739500000) (1024K)]
  0x000001cddd8afd40 JavaThread "SCR Component Actor"        daemon [_thread_blocked, id=23256, stack(0x000000c739600000,0x000000c739700000) (1024K)]
  0x000001cddd8af020 JavaThread "Worker-JM"                         [_thread_blocked, id=10640, stack(0x000000c739e00000,0x000000c739f00000) (1024K)]
  0x000001cddd8b1e10 JavaThread "JNA Cleaner"                daemon [_thread_blocked, id=6696, stack(0x000000c739f00000,0x000000c73a000000) (1024K)]
  0x000001cddd8b1780 JavaThread "Worker-0"                          [_thread_blocked, id=22760, stack(0x000000c73a000000,0x000000c73a100000) (1024K)]
  0x000001cddd8ae300 JavaThread "Java indexing"              daemon [_thread_blocked, id=20352, stack(0x000000c73a400000,0x000000c73a500000) (1024K)]
  0x000001cddd8b10f0 JavaThread "Thread-2"                   daemon [_thread_in_native, id=2704, stack(0x000000c73a700000,0x000000c73a800000) (1024K)]
  0x000001cddd8b24a0 JavaThread "Thread-3"                   daemon [_thread_in_native, id=29688, stack(0x000000c73a800000,0x000000c73a900000) (1024K)]
  0x000001cddd8b2b30 JavaThread "Thread-4"                   daemon [_thread_in_native, id=22064, stack(0x000000c73a900000,0x000000c73aa00000) (1024K)]
  0x000001cddd8adc70 JavaThread "Thread-5"                   daemon [_thread_in_native, id=14204, stack(0x000000c73aa00000,0x000000c73ab00000) (1024K)]
  0x000001cddd8ae990 JavaThread "Thread-6"                   daemon [_thread_in_native, id=27084, stack(0x000000c73ab00000,0x000000c73ac00000) (1024K)]
  0x000001cddd8b31c0 JavaThread "Thread-7"                   daemon [_thread_in_native, id=10988, stack(0x000000c73ac00000,0x000000c73ad00000) (1024K)]
  0x000001cddd8ac230 JavaThread "Thread-8"                   daemon [_thread_in_native, id=31312, stack(0x000000c73ad00000,0x000000c73ae00000) (1024K)]
  0x000001cddd8ac8c0 JavaThread "Thread-9"                   daemon [_thread_in_native, id=28908, stack(0x000000c73ae00000,0x000000c73af00000) (1024K)]
  0x000001cddd8acf50 JavaThread "Thread-10"                  daemon [_thread_in_native, id=26900, stack(0x000000c73af00000,0x000000c73b000000) (1024K)]
  0x000001cde72237c0 JavaThread "Thread-11"                  daemon [_thread_in_native, id=12464, stack(0x000000c73b000000,0x000000c73b100000) (1024K)]
  0x000001cde7223e50 JavaThread "Thread-12"                  daemon [_thread_in_native, id=15168, stack(0x000000c73b100000,0x000000c73b200000) (1024K)]
  0x000001cde72244e0 JavaThread "Thread-13"                  daemon [_thread_in_native, id=25640, stack(0x000000c73b200000,0x000000c73b300000) (1024K)]
  0x000001cde7227960 JavaThread "Thread-14"                  daemon [_thread_in_native, id=7296, stack(0x000000c73b300000,0x000000c73b400000) (1024K)]
  0x000001cde72293a0 JavaThread "Thread-15"                  daemon [_thread_in_native, id=27552, stack(0x000000c73b400000,0x000000c73b500000) (1024K)]
  0x000001cde7228d10 JavaThread "Thread-16"                  daemon [_thread_in_native, id=32064, stack(0x000000c73b500000,0x000000c73b600000) (1024K)]
  0x000001cde7226c40 JavaThread "Thread-17"                  daemon [_thread_in_native, id=3320, stack(0x000000c73b600000,0x000000c73b700000) (1024K)]
  0x000001cde7229a30 JavaThread "Thread-18"                  daemon [_thread_in_native, id=22356, stack(0x000000c73b700000,0x000000c73b800000) (1024K)]
  0x000001cde7225890 JavaThread "pool-2-thread-1"                   [_thread_blocked, id=35400, stack(0x000000c73b800000,0x000000c73b900000) (1024K)]
  0x000001cde7225f20 JavaThread "WorkspaceEventsHandler"            [_thread_blocked, id=19328, stack(0x000000c73bd00000,0x000000c73be00000) (1024K)]
  0x000001cde722a750 JavaThread "pool-1-thread-1"                   [_thread_blocked, id=16804, stack(0x000000c73be00000,0x000000c73bf00000) (1024K)]
  0x000001cdefc7fb10 JavaThread "ForkJoinPool.commonPool-worker-3" daemon [_thread_blocked, id=18656, stack(0x000000c739900000,0x000000c739a00000) (1024K)]
  0x000001cdf0193910 JavaThread "Worker-6"                          [_thread_blocked, id=3188, stack(0x000000c737700000,0x000000c737800000) (1024K)]
  0x000001cde5347fe0 JavaThread "ForkJoinPool.commonPool-worker-14" daemon [_thread_in_vm, id=23748, stack(0x000000c737600000,0x000000c737700000) (1024K)]
  0x000001cde534a740 JavaThread "ForkJoinPool.commonPool-worker-15" daemon [_thread_blocked, id=15092, stack(0x000000c739700000,0x000000c739800000) (1024K)]
  0x000001cde534dbc0 JavaThread "HttpClient-1-SelectorManager" daemon [_thread_in_native, id=33220, stack(0x000000c73a300000,0x000000c73a400000) (1024K)]
  0x000001cde53472c0 JavaThread "ForkJoinPool.commonPool-worker-17" daemon [_thread_blocked, id=29824, stack(0x000000c737800000,0x000000c737900000) (1024K)]
  0x000001cde534c180 JavaThread "ForkJoinPool.commonPool-worker-16" daemon [_thread_blocked, id=32816, stack(0x000000c739800000,0x000000c739900000) (1024K)]
  0x000001cde534baf0 JavaThread "ForkJoinPool.commonPool-worker-18" daemon [_thread_blocked, id=34868, stack(0x000000c739a00000,0x000000c739b00000) (1024K)]
  0x000001cde5349390 JavaThread "ForkJoinPool.commonPool-worker-19" daemon [_thread_blocked, id=22684, stack(0x000000c739b00000,0x000000c739c00000) (1024K)]
  0x000001cde5349a20 JavaThread "ForkJoinPool.commonPool-worker-20" daemon [_thread_blocked, id=31024, stack(0x000000c73a100000,0x000000c73a200000) (1024K)]
  0x000001cde534c810 JavaThread "ForkJoinPool.commonPool-worker-21" daemon [_thread_blocked, id=16676, stack(0x000000c73a200000,0x000000c73a300000) (1024K)]
  0x000001cde534b460 JavaThread "ForkJoinPool.commonPool-worker-22" daemon [_thread_blocked, id=27596, stack(0x000000c73a600000,0x000000c73a700000) (1024K)]
  0x000001cde534cea0 JavaThread "ForkJoinPool.commonPool-worker-23" daemon [_thread_blocked, id=1504, stack(0x000000c73b900000,0x000000c73ba00000) (1024K)]
  0x000001cde5348670 JavaThread "ForkJoinPool.commonPool-worker-24" daemon [_thread_blocked, id=21756, stack(0x000000c73ba00000,0x000000c73bb00000) (1024K)]
  0x000001cde534d530 JavaThread "ForkJoinPool.commonPool-worker-25" daemon [_thread_blocked, id=7876, stack(0x000000c73bb00000,0x000000c73bc00000) (1024K)]
  0x000001cde5346c30 JavaThread "ForkJoinPool.commonPool-worker-26" daemon [_thread_blocked, id=1572, stack(0x000000c73bc00000,0x000000c73bd00000) (1024K)]
  0x000001cde534e250 JavaThread "ForkJoinPool.commonPool-worker-27" daemon [_thread_blocked, id=15320, stack(0x000000c73bf00000,0x000000c73c000000) (1024K)]
  0x000001cded5e7a20 JavaThread "C2 CompilerThread1"         daemon [_thread_in_native, id=5332, stack(0x000000c73c000000,0x000000c73c100000) (1024K)]
=>0x000001cded5e9c30 JavaThread "C2 CompilerThread2"         daemon [_thread_in_native, id=15216, stack(0x000000c73c100000,0x000000c73c200000) (1024K)]
  0x000001cded5ebe40 JavaThread "C1 CompilerThread1"         daemon [_thread_blocked, id=18760, stack(0x000000c73c200000,0x000000c73c300000) (1024K)]
  0x000001cded5eb770 JavaThread "C1 CompilerThread2"         daemon [_thread_blocked, id=19928, stack(0x000000c73c300000,0x000000c73c400000) (1024K)]
  0x000001cded5ea9d0 JavaThread "C2 CompilerThread3"         daemon [_thread_in_native, id=19272, stack(0x000000c73c400000,0x000000c73c500000) (1024K)]
Total: 63

Other Threads:
  0x000001cddbea48e0 VMThread "VM Thread"                           [id=15308, stack(0x000000c737c00000,0x000000c737d00000) (1024K)]
  0x000001cddbd9ca00 WatcherThread "VM Periodic Task Thread"        [id=18196, stack(0x000000c737b00000,0x000000c737c00000) (1024K)]
  0x000001cdc7adf2d0 WorkerThread "GC Thread#0"                     [id=16444, stack(0x000000c737a00000,0x000000c737b00000) (1024K)]
  0x000001cde36932a0 WorkerThread "GC Thread#1"                     [id=34888, stack(0x000000c738c00000,0x000000c738d00000) (1024K)]
  0x000001cde3697660 WorkerThread "GC Thread#2"                     [id=29052, stack(0x000000c738d00000,0x000000c738e00000) (1024K)]
  0x000001cde3697a00 WorkerThread "GC Thread#3"                     [id=27992, stack(0x000000c738e00000,0x000000c738f00000) (1024K)]
  0x000001cde3699db0 WorkerThread "GC Thread#4"                     [id=20176, stack(0x000000c738f00000,0x000000c739000000) (1024K)]
  0x000001cde35bb5e0 WorkerThread "GC Thread#5"                     [id=14740, stack(0x000000c739000000,0x000000c739100000) (1024K)]
  0x000001cde3982d80 WorkerThread "GC Thread#6"                     [id=19760, stack(0x000000c738700000,0x000000c738800000) (1024K)]
  0x000001cddd88b7e0 WorkerThread "GC Thread#7"                     [id=6404, stack(0x000000c738800000,0x000000c738900000) (1024K)]
  0x000001cde36fc6e0 WorkerThread "GC Thread#8"                     [id=30660, stack(0x000000c738600000,0x000000c738700000) (1024K)]
  0x000001cde36fd1c0 WorkerThread "GC Thread#9"                     [id=31268, stack(0x000000c739300000,0x000000c739400000) (1024K)]
  0x000001cde36fb860 WorkerThread "GC Thread#10"                    [id=17188, stack(0x000000c739500000,0x000000c739600000) (1024K)]
  0x000001cde36fbc00 WorkerThread "GC Thread#11"                    [id=19144, stack(0x000000c739c00000,0x000000c739d00000) (1024K)]
  0x000001cde36fbfa0 WorkerThread "GC Thread#12"                    [id=13536, stack(0x000000c739d00000,0x000000c739e00000) (1024K)]
Total: 15

Threads with active compile tasks:
C2 CompilerThread0  928333 14741       4       org.eclipse.jdt.internal.core.JavaElement::equals (57 bytes)
C2 CompilerThread1  928333 14542       4       lombok.eclipse.EclipseAST::buildStatement (57 bytes)
C2 CompilerThread2  928334 14534  s!   4       org.eclipse.jdt.internal.core.index.DiskIndex::readCategoryTable (743 bytes)
C2 CompilerThread3  928334 14740       4       java.util.zip.ZipFile$Source::initCEN (612 bytes)
Total: 4

VM state: not at safepoint (normal execution)

VM Mutex/Monitor currently owned by a thread: None

Heap address: 0x00000000c0000000, size: 1024 MB, Compressed Oops mode: 32-bit

CDS archive(s) mapped at: [0x000001cd80000000-0x000001cd80ba0000-0x000001cd80ba0000), size 12189696, SharedBaseAddress: 0x000001cd80000000, ArchiveRelocationMode: 1.
Compressed class space mapped at: 0x000001cd81000000-0x000001cdc1000000, reserved size: 1073741824
Narrow klass base: 0x000001cd80000000, Narrow klass shift: 0, Narrow klass range: 0x100000000

GC Precious Log:
 CardTable entry size: 512
 CPUs: 16 total, 16 available
 Memory: 14188M
 Large Page Support: Disabled
 NUMA Support: Disabled
 Compressed Oops: Enabled (32-bit)
 Alignments: Space 512K, Generation 512K, Heap 2M
 Heap Min Capacity: 100M
 Heap Initial Capacity: 100M
 Heap Max Capacity: 1G
 Pre-touch: Disabled
 Parallel Workers: 13

Heap:
 PSYoungGen      total 3072K, used 2875K [0x00000000eab00000, 0x00000000eaf00000, 0x0000000100000000)
  eden space 2560K, 96% used [0x00000000eab00000,0x00000000ead66c40,0x00000000ead80000)
  from space 512K, 81% used [0x00000000eae80000,0x00000000eaee8000,0x00000000eaf00000)
  to   space 512K, 0% used [0x00000000eae00000,0x00000000eae00000,0x00000000eae80000)
 ParOldGen       total 595456K, used 595230K [0x00000000c0000000, 0x00000000e4580000, 0x00000000eab00000)
  object space 595456K, 99% used [0x00000000c0000000,0x00000000e4547a68,0x00000000e4580000)
 Metaspace       used 75623K, committed 77184K, reserved 1179648K
  class space    used 7861K, committed 8576K, reserved 1048576K

Card table byte_map: [0x000001cdc7470000,0x000001cdc7680000] _byte_map_base: 0x000001cdc6e70000

Marking Bits: (ParMarkBitMap*) 0x00007ff808373260
 Begin Bits: [0x000001cdd9cc0000, 0x000001cddacc0000)
 End Bits:   [0x000001cddacc0000, 0x000001cddbcc0000)

Polling page: 0x000001cdc5830000

Metaspace:

Usage:
  Non-class:     66.17 MB used.
      Class:      7.68 MB used.
       Both:     73.85 MB used.

Virtual space:
  Non-class space:      128.00 MB reserved,      67.00 MB ( 52%) committed,  2 nodes.
      Class space:        1.00 GB reserved,       8.38 MB ( <1%) committed,  1 nodes.
             Both:        1.12 GB reserved,      75.38 MB (  7%) committed. 

Chunk freelists:
   Non-Class:  12.88 MB
       Class:  7.67 MB
        Both:  20.55 MB

MaxMetaspaceSize: unlimited
CompressedClassSpaceSize: 1.00 GB
Initial GC threshold: 21.00 MB
Current GC threshold: 97.31 MB
CDS: on
 - commit_granule_bytes: 65536.
 - commit_granule_words: 8192.
 - virtual_space_node_default_size: 8388608.
 - enlarge_chunks_in_place: 1.
 - use_allocation_guard: 0.


Internal statistics:

num_allocs_failed_limit: 9.
num_arena_births: 1366.
num_arena_deaths: 14.
num_vsnodes_births: 3.
num_vsnodes_deaths: 0.
num_space_committed: 1206.
num_space_uncommitted: 0.
num_chunks_returned_to_freelist: 23.
num_chunks_taken_from_freelist: 4963.
num_chunk_merges: 9.
num_chunk_splits: 2910.
num_chunks_enlarged: 1470.
num_inconsistent_stats: 0.

CodeHeap 'non-profiled nmethods': size=119168Kb used=12154Kb max_used=12154Kb free=107013Kb
 bounds [0x000001cdd2860000, 0x000001cdd3440000, 0x000001cdd9cc0000]
CodeHeap 'profiled nmethods': size=119104Kb used=33459Kb max_used=33459Kb free=85644Kb
 bounds [0x000001cdcacc0000, 0x000001cdccd70000, 0x000001cdd2110000]
CodeHeap 'non-nmethods': size=7488Kb used=2627Kb max_used=3290Kb free=4860Kb
 bounds [0x000001cdd2110000, 0x000001cdd2460000, 0x000001cdd2860000]
 total_blobs=14720 nmethods=13900 adapters=723
 compilation: enabled
              stopped_count=0, restarted_count=0
 full_count=0

Compilation events (20 events):
Event: 928.283 Thread 0x000001cddd5885b0 14722       3       org.eclipse.jdt.internal.core.JarPackageFragment::createElementInfo (5 bytes)
Event: 928.284 Thread 0x000001cddd5885b0 nmethod 14722 0x000001cdccd5a410 code [0x000001cdccd5a5e0, 0x000001cdccd5a9c0]
Event: 928.285 Thread 0x000001cddd5885b0 14723       3       org.eclipse.jdt.internal.compiler.classfmt.MethodInfo::createMethod (710 bytes)
Event: 928.285 Thread 0x000001cded5eb770 14724       1       org.eclipse.jdt.internal.core.LocalVariable::getElementName (5 bytes)
Event: 928.285 Thread 0x000001cded5eb770 nmethod 14724 0x000001cdd3438e10 code [0x000001cdd3438fa0, 0x000001cdd3439068]
Event: 928.285 Thread 0x000001cded5eb770 14725       3       org.eclipse.jdt.internal.core.Annotation::equals (55 bytes)
Event: 928.286 Thread 0x000001cded5ebe40 14726       3       org.eclipse.jdt.internal.core.LocalVariable::equals (73 bytes)
Event: 928.286 Thread 0x000001cded5eb770 nmethod 14725 0x000001cdccd5ab90 code [0x000001cdccd5ad80, 0x000001cdccd5b278]
Event: 928.286 Thread 0x000001cded5ebe40 nmethod 14726 0x000001cdccd5b410 code [0x000001cdccd5b5e0, 0x000001cdccd5bab0]
Event: 928.286 Thread 0x000001cded5eb770 14727       3       java.util.HashMap::putVal (300 bytes)
Event: 928.287 Thread 0x000001cded5eb770 nmethod 14727 0x000001cdccd5bb90 code [0x000001cdccd5be40, 0x000001cdccd5ce78]
Event: 928.287 Thread 0x000001cddd5885b0 nmethod 14723 0x000001cdccd5d310 code [0x000001cdccd5d800, 0x000001cdccd606f0]
Event: 928.289 Thread 0x000001cddd5885b0 14728       3       java.util.HashMap::containsKey (14 bytes)
Event: 928.289 Thread 0x000001cddd5885b0 nmethod 14728 0x000001cdccd61810 code [0x000001cdccd619c0, 0x000001cdccd61b48]
Event: 928.292 Thread 0x000001cddd5885b0 14729       3       org.eclipse.jdt.internal.compiler.classfmt.FieldInfo::initialize (30 bytes)
Event: 928.292 Thread 0x000001cded5eb770 14730       3       java.util.HashMap::resize (356 bytes)
Event: 928.292 Thread 0x000001cded5ebe40 14731       3       java.util.HashMap::comparableClassFor (115 bytes)
Event: 928.293 Thread 0x000001cddd5885b0 nmethod 14729 0x000001cdccd61c10 code [0x000001cdccd61e40, 0x000001cdccd625b8]
Event: 928.293 Thread 0x000001cded5ebe40 nmethod 14731 0x000001cdccd62790 code [0x000001cdccd62a20, 0x000001cdccd63768]
Event: 928.294 Thread 0x000001cded5eb770 nmethod 14730 0x000001cdccd63b10 code [0x000001cdccd63da0, 0x000001cdccd64ed8]

GC Heap History (20 events):
Event: 927.968 GC heap before
{Heap before GC invocations=643 (full 3):
 PSYoungGen      total 5120K, used 4416K [0x00000000eab00000, 0x00000000eb280000, 0x0000000100000000)
  eden space 2560K, 100% used [0x00000000eab00000,0x00000000ead80000,0x00000000ead80000)
  from space 2560K, 72% used [0x00000000ead80000,0x00000000eaf50000,0x00000000eb000000)
  to   space 2048K, 0% used [0x00000000eb080000,0x00000000eb080000,0x00000000eb280000)
 ParOldGen       total 587776K, used 587371K [0x00000000c0000000, 0x00000000e3e00000, 0x00000000eab00000)
  object space 587776K, 99% used [0x00000000c0000000,0x00000000e3d9ae80,0x00000000e3e00000)
 Metaspace       used 75492K, committed 77056K, reserved 1179648K
  class space    used 7860K, committed 8576K, reserved 1048576K
}
Event: 927.971 GC heap after
{Heap after GC invocations=643 (full 3):
 PSYoungGen      total 4096K, used 1152K [0x00000000eab00000, 0x00000000eb200000, 0x0000000100000000)
  eden space 2560K, 0% used [0x00000000eab00000,0x00000000eab00000,0x00000000ead80000)
  from space 1536K, 75% used [0x00000000eb080000,0x00000000eb1a0000,0x00000000eb200000)
  to   space 1536K, 0% used [0x00000000eaf00000,0x00000000eaf00000,0x00000000eb080000)
 ParOldGen       total 589312K, used 589107K [0x00000000c0000000, 0x00000000e3f80000, 0x00000000eab00000)
  object space 589312K, 99% used [0x00000000c0000000,0x00000000e3f4ce80,0x00000000e3f80000)
 Metaspace       used 75492K, committed 77056K, reserved 1179648K
  class space    used 7860K, committed 8576K, reserved 1048576K
}
Event: 927.985 GC heap before
{Heap before GC invocations=644 (full 3):
 PSYoungGen      total 4096K, used 3712K [0x00000000eab00000, 0x00000000eb200000, 0x0000000100000000)
  eden space 2560K, 100% used [0x00000000eab00000,0x00000000ead80000,0x00000000ead80000)
  from space 1536K, 75% used [0x00000000eb080000,0x00000000eb1a0000,0x00000000eb200000)
  to   space 1536K, 0% used [0x00000000eaf00000,0x00000000eaf00000,0x00000000eb080000)
 ParOldGen       total 589312K, used 589107K [0x00000000c0000000, 0x00000000e3f80000, 0x00000000eab00000)
  object space 589312K, 99% used [0x00000000c0000000,0x00000000e3f4ce80,0x00000000e3f80000)
 Metaspace       used 75506K, committed 77056K, reserved 1179648K
  class space    used 7860K, committed 8576K, reserved 1048576K
}
Event: 927.987 GC heap after
{Heap after GC invocations=644 (full 3):
 PSYoungGen      total 3584K, used 992K [0x00000000eab00000, 0x00000000eb100000, 0x0000000100000000)
  eden space 2560K, 0% used [0x00000000eab00000,0x00000000eab00000,0x00000000ead80000)
  from space 1024K, 96% used [0x00000000eaf00000,0x00000000eaff8000,0x00000000eb000000)
  to   space 1024K, 0% used [0x00000000eb000000,0x00000000eb000000,0x00000000eb100000)
 ParOldGen       total 590336K, used 590131K [0x00000000c0000000, 0x00000000e4080000, 0x00000000eab00000)
  object space 590336K, 99% used [0x00000000c0000000,0x00000000e404ce80,0x00000000e4080000)
 Metaspace       used 75506K, committed 77056K, reserved 1179648K
  class space    used 7860K, committed 8576K, reserved 1048576K
}
Event: 928.037 GC heap before
{Heap before GC invocations=645 (full 3):
 PSYoungGen      total 3584K, used 3552K [0x00000000eab00000, 0x00000000eb100000, 0x0000000100000000)
  eden space 2560K, 100% used [0x00000000eab00000,0x00000000ead80000,0x00000000ead80000)
  from space 1024K, 96% used [0x00000000eaf00000,0x00000000eaff8000,0x00000000eb000000)
  to   space 1024K, 0% used [0x00000000eb000000,0x00000000eb000000,0x00000000eb100000)
 ParOldGen       total 590336K, used 590131K [0x00000000c0000000, 0x00000000e4080000, 0x00000000eab00000)
  object space 590336K, 99% used [0x00000000c0000000,0x00000000e404ce80,0x00000000e4080000)
 Metaspace       used 75509K, committed 77056K, reserved 1179648K
  class space    used 7860K, committed 8576K, reserved 1048576K
}
Event: 928.039 GC heap after
{Heap after GC invocations=645 (full 3):
 PSYoungGen      total 3584K, used 1024K [0x00000000eab00000, 0x00000000eb180000, 0x0000000100000000)
  eden space 2560K, 0% used [0x00000000eab00000,0x00000000eab00000,0x00000000ead80000)
  from space 1024K, 100% used [0x00000000eb000000,0x00000000eb100000,0x00000000eb100000)
  to   space 2048K, 0% used [0x00000000ead80000,0x00000000ead80000,0x00000000eaf80000)
 ParOldGen       total 591360K, used 590979K [0x00000000c0000000, 0x00000000e4180000, 0x00000000eab00000)
  object space 591360K, 99% used [0x00000000c0000000,0x00000000e4120e80,0x00000000e4180000)
 Metaspace       used 75509K, committed 77056K, reserved 1179648K
  class space    used 7860K, committed 8576K, reserved 1048576K
}
Event: 928.076 GC heap before
{Heap before GC invocations=646 (full 3):
 PSYoungGen      total 3584K, used 3584K [0x00000000eab00000, 0x00000000eb180000, 0x0000000100000000)
  eden space 2560K, 100% used [0x00000000eab00000,0x00000000ead80000,0x00000000ead80000)
  from space 1024K, 100% used [0x00000000eb000000,0x00000000eb100000,0x00000000eb100000)
  to   space 2048K, 0% used [0x00000000ead80000,0x00000000ead80000,0x00000000eaf80000)
 ParOldGen       total 591360K, used 590979K [0x00000000c0000000, 0x00000000e4180000, 0x00000000eab00000)
  object space 591360K, 99% used [0x00000000c0000000,0x00000000e4120e80,0x00000000e4180000)
 Metaspace       used 75533K, committed 77184K, reserved 1179648K
  class space    used 7860K, committed 8576K, reserved 1048576K
}
Event: 928.080 GC heap after
{Heap after GC invocations=646 (full 3):
 PSYoungGen      total 3584K, used 928K [0x00000000eab00000, 0x00000000eb080000, 0x0000000100000000)
  eden space 2560K, 0% used [0x00000000eab00000,0x00000000eab00000,0x00000000ead80000)
  from space 1024K, 90% used [0x00000000ead80000,0x00000000eae68000,0x00000000eae80000)
  to   space 1536K, 0% used [0x00000000eaf00000,0x00000000eaf00000,0x00000000eb080000)
 ParOldGen       total 591872K, used 591859K [0x00000000c0000000, 0x00000000e4200000, 0x00000000eab00000)
  object space 591872K, 99% used [0x00000000c0000000,0x00000000e41fce90,0x00000000e4200000)
 Metaspace       used 75533K, committed 77184K, reserved 1179648K
  class space    used 7860K, committed 8576K, reserved 1048576K
}
Event: 928.116 GC heap before
{Heap before GC invocations=647 (full 3):
 PSYoungGen      total 3584K, used 3488K [0x00000000eab00000, 0x00000000eb080000, 0x0000000100000000)
  eden space 2560K, 100% used [0x00000000eab00000,0x00000000ead80000,0x00000000ead80000)
  from space 1024K, 90% used [0x00000000ead80000,0x00000000eae68000,0x00000000eae80000)
  to   space 1536K, 0% used [0x00000000eaf00000,0x00000000eaf00000,0x00000000eb080000)
 ParOldGen       total 591872K, used 591859K [0x00000000c0000000, 0x00000000e4200000, 0x00000000eab00000)
  object space 591872K, 99% used [0x00000000c0000000,0x00000000e41fce90,0x00000000e4200000)
 Metaspace       used 75545K, committed 77184K, reserved 1179648K
  class space    used 7860K, committed 8576K, reserved 1048576K
}
Event: 928.118 GC heap after
{Heap after GC invocations=647 (full 3):
 PSYoungGen      total 3584K, used 832K [0x00000000eab00000, 0x00000000eb000000, 0x0000000100000000)
  eden space 2560K, 0% used [0x00000000eab00000,0x00000000eab00000,0x00000000ead80000)
  from space 1024K, 81% used [0x00000000eaf00000,0x00000000eafd0010,0x00000000eb000000)
  to   space 1024K, 0% used [0x00000000ead80000,0x00000000ead80000,0x00000000eae80000)
 ParOldGen       total 592896K, used 592547K [0x00000000c0000000, 0x00000000e4300000, 0x00000000eab00000)
  object space 592896K, 99% used [0x00000000c0000000,0x00000000e42a8e90,0x00000000e4300000)
 Metaspace       used 75545K, committed 77184K, reserved 1179648K
  class space    used 7860K, committed 8576K, reserved 1048576K
}
Event: 928.169 GC heap before
{Heap before GC invocations=648 (full 3):
 PSYoungGen      total 3584K, used 3392K [0x00000000eab00000, 0x00000000eb000000, 0x0000000100000000)
  eden space 2560K, 100% used [0x00000000eab00000,0x00000000ead80000,0x00000000ead80000)
  from space 1024K, 81% used [0x00000000eaf00000,0x00000000eafd0010,0x00000000eb000000)
  to   space 1024K, 0% used [0x00000000ead80000,0x00000000ead80000,0x00000000eae80000)
 ParOldGen       total 592896K, used 592547K [0x00000000c0000000, 0x00000000e4300000, 0x00000000eab00000)
  object space 592896K, 99% used [0x00000000c0000000,0x00000000e42a8e90,0x00000000e4300000)
 Metaspace       used 75593K, committed 77184K, reserved 1179648K
  class space    used 7861K, committed 8576K, reserved 1048576K
}
Event: 928.172 GC heap after
{Heap after GC invocations=648 (full 3):
 PSYoungGen      total 3584K, used 768K [0x00000000eab00000, 0x00000000eaf80000, 0x0000000100000000)
  eden space 2560K, 0% used [0x00000000eab00000,0x00000000eab00000,0x00000000ead80000)
  from space 1024K, 75% used [0x00000000ead80000,0x00000000eae40000,0x00000000eae80000)
  to   space 1024K, 0% used [0x00000000eae80000,0x00000000eae80000,0x00000000eaf80000)
 ParOldGen       total 593408K, used 593219K [0x00000000c0000000, 0x00000000e4380000, 0x00000000eab00000)
  object space 593408K, 99% used [0x00000000c0000000,0x00000000e4350ea0,0x00000000e4380000)
 Metaspace       used 75593K, committed 77184K, reserved 1179648K
  class space    used 7861K, committed 8576K, reserved 1048576K
}
Event: 928.202 GC heap before
{Heap before GC invocations=649 (full 3):
 PSYoungGen      total 3584K, used 3325K [0x00000000eab00000, 0x00000000eaf80000, 0x0000000100000000)
  eden space 2560K, 99% used [0x00000000eab00000,0x00000000ead7f448,0x00000000ead80000)
  from space 1024K, 75% used [0x00000000ead80000,0x00000000eae40000,0x00000000eae80000)
  to   space 1024K, 0% used [0x00000000eae80000,0x00000000eae80000,0x00000000eaf80000)
 ParOldGen       total 593408K, used 593219K [0x00000000c0000000, 0x00000000e4380000, 0x00000000eab00000)
  object space 593408K, 99% used [0x00000000c0000000,0x00000000e4350ea0,0x00000000e4380000)
 Metaspace       used 75595K, committed 77184K, reserved 1179648K
  class space    used 7861K, committed 8576K, reserved 1048576K
}
Event: 928.205 GC heap after
{Heap after GC invocations=649 (full 3):
 PSYoungGen      total 3584K, used 768K [0x00000000eab00000, 0x00000000eaf80000, 0x0000000100000000)
  eden space 2560K, 0% used [0x00000000eab00000,0x00000000eab00000,0x00000000ead80000)
  from space 1024K, 75% used [0x00000000eae80000,0x00000000eaf40000,0x00000000eaf80000)
  to   space 1024K, 0% used [0x00000000ead80000,0x00000000ead80000,0x00000000eae80000)
 ParOldGen       total 593920K, used 593811K [0x00000000c0000000, 0x00000000e4400000, 0x00000000eab00000)
  object space 593920K, 99% used [0x00000000c0000000,0x00000000e43e4ea0,0x00000000e4400000)
 Metaspace       used 75595K, committed 77184K, reserved 1179648K
  class space    used 7861K, committed 8576K, reserved 1048576K
}
Event: 928.249 GC heap before
{Heap before GC invocations=650 (full 3):
 PSYoungGen      total 3584K, used 3328K [0x00000000eab00000, 0x00000000eaf80000, 0x0000000100000000)
  eden space 2560K, 100% used [0x00000000eab00000,0x00000000ead80000,0x00000000ead80000)
  from space 1024K, 75% used [0x00000000eae80000,0x00000000eaf40000,0x00000000eaf80000)
  to   space 1024K, 0% used [0x00000000ead80000,0x00000000ead80000,0x00000000eae80000)
 ParOldGen       total 593920K, used 593811K [0x00000000c0000000, 0x00000000e4400000, 0x00000000eab00000)
  object space 593920K, 99% used [0x00000000c0000000,0x00000000e43e4ea0,0x00000000e4400000)
 Metaspace       used 75604K, committed 77184K, reserved 1179648K
  class space    used 7861K, committed 8576K, reserved 1048576K
}
Event: 928.252 GC heap after
{Heap after GC invocations=650 (full 3):
 PSYoungGen      total 3584K, used 544K [0x00000000eab00000, 0x00000000eaf80000, 0x0000000100000000)
  eden space 2560K, 0% used [0x00000000eab00000,0x00000000eab00000,0x00000000ead80000)
  from space 1024K, 53% used [0x00000000ead80000,0x00000000eae08000,0x00000000eae80000)
  to   space 1024K, 0% used [0x00000000eae80000,0x00000000eae80000,0x00000000eaf80000)
 ParOldGen       total 594432K, used 594363K [0x00000000c0000000, 0x00000000e4480000, 0x00000000eab00000)
  object space 594432K, 99% used [0x00000000c0000000,0x00000000e446eea0,0x00000000e4480000)
 Metaspace       used 75604K, committed 77184K, reserved 1179648K
  class space    used 7861K, committed 8576K, reserved 1048576K
}
Event: 928.265 GC heap before
{Heap before GC invocations=651 (full 3):
 PSYoungGen      total 3584K, used 3104K [0x00000000eab00000, 0x00000000eaf80000, 0x0000000100000000)
  eden space 2560K, 100% used [0x00000000eab00000,0x00000000ead80000,0x00000000ead80000)
  from space 1024K, 53% used [0x00000000ead80000,0x00000000eae08000,0x00000000eae80000)
  to   space 1024K, 0% used [0x00000000eae80000,0x00000000eae80000,0x00000000eaf80000)
 ParOldGen       total 594432K, used 594363K [0x00000000c0000000, 0x00000000e4480000, 0x00000000eab00000)
  object space 594432K, 99% used [0x00000000c0000000,0x00000000e446eea0,0x00000000e4480000)
 Metaspace       used 75612K, committed 77184K, reserved 1179648K
  class space    used 7861K, committed 8576K, reserved 1048576K
}
Event: 928.268 GC heap after
{Heap after GC invocations=651 (full 3):
 PSYoungGen      total 3072K, used 352K [0x00000000eab00000, 0x00000000eaf00000, 0x0000000100000000)
  eden space 2560K, 0% used [0x00000000eab00000,0x00000000eab00000,0x00000000ead80000)
  from space 512K, 68% used [0x00000000eae80000,0x00000000eaed8000,0x00000000eaf00000)
  to   space 512K, 0% used [0x00000000eae00000,0x00000000eae00000,0x00000000eae80000)
 ParOldGen       total 594944K, used 594643K [0x00000000c0000000, 0x00000000e4500000, 0x00000000eab00000)
  object space 594944K, 99% used [0x00000000c0000000,0x00000000e44b4ea0,0x00000000e4500000)
 Metaspace       used 75612K, committed 77184K, reserved 1179648K
  class space    used 7861K, committed 8576K, reserved 1048576K
}
Event: 928.279 GC heap before
{Heap before GC invocations=652 (full 3):
 PSYoungGen      total 3072K, used 2664K [0x00000000eab00000, 0x00000000eaf00000, 0x0000000100000000)
  eden space 2560K, 90% used [0x00000000eab00000,0x00000000ead422b0,0x00000000ead80000)
  from space 512K, 68% used [0x00000000eae80000,0x00000000eaed8000,0x00000000eaf00000)
  to   space 512K, 0% used [0x00000000eae00000,0x00000000eae00000,0x00000000eae80000)
 ParOldGen       total 594944K, used 594643K [0x00000000c0000000, 0x00000000e4500000, 0x00000000eab00000)
  object space 594944K, 99% used [0x00000000c0000000,0x00000000e44b4ea0,0x00000000e4500000)
 Metaspace       used 75612K, committed 77184K, reserved 1179648K
  class space    used 7861K, committed 8576K, reserved 1048576K
}
Event: 928.281 GC heap after
{Heap after GC invocations=652 (full 3):
 PSYoungGen      total 3072K, used 416K [0x00000000eab00000, 0x00000000eaf00000, 0x0000000100000000)
  eden space 2560K, 0% used [0x00000000eab00000,0x00000000eab00000,0x00000000ead80000)
  from space 512K, 81% used [0x00000000eae00000,0x00000000eae68000,0x00000000eae80000)
  to   space 512K, 0% used [0x00000000eae80000,0x00000000eae80000,0x00000000eaf00000)
 ParOldGen       total 594944K, used 594739K [0x00000000c0000000, 0x00000000e4500000, 0x00000000eab00000)
  object space 594944K, 99% used [0x00000000c0000000,0x00000000e44ccea0,0x00000000e4500000)
 Metaspace       used 75612K, committed 77184K, reserved 1179648K
  class space    used 7861K, committed 8576K, reserved 1048576K
}

Dll operation events (12 events):
Event: 0.008 Loaded shared library c:\Users\hosny\.cursor\extensions\redhat.java-1.40.0-win32-x64\jre\21.0.6-win32-x86_64\bin\java.dll
Event: 0.074 Loaded shared library c:\Users\hosny\.cursor\extensions\redhat.java-1.40.0-win32-x64\jre\21.0.6-win32-x86_64\bin\zip.dll
Event: 0.094 Loaded shared library C:\Users\hosny\.cursor\extensions\redhat.java-1.40.0-win32-x64\jre\21.0.6-win32-x86_64\bin\instrument.dll
Event: 0.098 Loaded shared library C:\Users\hosny\.cursor\extensions\redhat.java-1.40.0-win32-x64\jre\21.0.6-win32-x86_64\bin\net.dll
Event: 0.100 Loaded shared library C:\Users\hosny\.cursor\extensions\redhat.java-1.40.0-win32-x64\jre\21.0.6-win32-x86_64\bin\nio.dll
Event: 0.103 Loaded shared library C:\Users\hosny\.cursor\extensions\redhat.java-1.40.0-win32-x64\jre\21.0.6-win32-x86_64\bin\zip.dll
Event: 0.119 Loaded shared library C:\Users\hosny\.cursor\extensions\redhat.java-1.40.0-win32-x64\jre\21.0.6-win32-x86_64\bin\jimage.dll
Event: 0.194 Loaded shared library c:\Users\hosny\.cursor\extensions\redhat.java-1.40.0-win32-x64\jre\21.0.6-win32-x86_64\bin\verify.dll
Event: 4.312 Loaded shared library C:\Users\hosny\AppData\Roaming\Cursor\User\globalStorage\redhat.java\1.40.0\config_win\org.eclipse.equinox.launcher\org.eclipse.equinox.launcher.win32.win32.x86_64_1.2.1200.v20250212-0927\eclipse_11909.dll
Event: 13.292 Loaded shared library C:\Users\hosny\AppData\Local\Temp\jna-99467031\jna15355140987211993013.dll
Event: 14.382 Loaded shared library C:\Users\hosny\.cursor\extensions\redhat.java-1.40.0-win32-x64\jre\21.0.6-win32-x86_64\bin\sunmscapi.dll
Event: 14.808 Loaded shared library C:\Users\hosny\.cursor\extensions\redhat.java-1.40.0-win32-x64\jre\21.0.6-win32-x86_64\bin\extnet.dll

Deoptimization events (20 events):
Event: 928.158 Thread 0x000001cde5347fe0 DEOPT PACKING pc=0x000001cdcccf017e sp=0x000000c7376fe680
Event: 928.158 Thread 0x000001cde5347fe0 DEOPT UNPACKING pc=0x000001cdd2164242 sp=0x000000c7376fdb78 mode 0
Event: 928.217 Thread 0x000001cde5347fe0 DEOPT PACKING pc=0x000001cdcc3ec7d5 sp=0x000000c7376fde50
Event: 928.226 Thread 0x000001cde5347fe0 DEOPT UNPACKING pc=0x000001cdd2164242 sp=0x000000c7376fd2c8 mode 0
Event: 928.274 Thread 0x000001cde5347fe0 Uncommon trap: trap_request=0xffffff45 fr.pc=0x000001cdd31b7c8c relative=0x000000000000170c
Event: 928.274 Thread 0x000001cde5347fe0 Uncommon trap: reason=unstable_if action=reinterpret pc=0x000001cdd31b7c8c method=org.eclipse.jdt.internal.compiler.classfmt.MethodInfo.createMethod([B[IIJ)Lorg/eclipse/jdt/internal/compiler/classfmt/MethodInfo; @ 265 c2
Event: 928.274 Thread 0x000001cde5347fe0 DEOPT PACKING pc=0x000001cdd31b7c8c sp=0x000000c7376fddb0
Event: 928.274 Thread 0x000001cde5347fe0 DEOPT UNPACKING pc=0x000001cdd2163aa2 sp=0x000000c7376fdd10 mode 2
Event: 928.275 Thread 0x000001cde5347fe0 Uncommon trap: trap_request=0xffffff45 fr.pc=0x000001cdd298aa90 relative=0x0000000000000130
Event: 928.275 Thread 0x000001cde5347fe0 Uncommon trap: reason=unstable_if action=reinterpret pc=0x000001cdd298aa90 method=java.util.HashMap.getNode(Ljava/lang/Object;)Ljava/util/HashMap$Node; @ 66 c2
Event: 928.275 Thread 0x000001cde5347fe0 DEOPT PACKING pc=0x000001cdd298aa90 sp=0x000000c7376fdf00
Event: 928.275 Thread 0x000001cde5347fe0 DEOPT UNPACKING pc=0x000001cdd2163aa2 sp=0x000000c7376fde18 mode 2
Event: 928.285 Thread 0x000001cde5347fe0 Uncommon trap: trap_request=0xffffff45 fr.pc=0x000001cdd3229f90 relative=0x0000000000000490
Event: 928.285 Thread 0x000001cde5347fe0 Uncommon trap: reason=unstable_if action=reinterpret pc=0x000001cdd3229f90 method=java.util.HashMap.putVal(ILjava/lang/Object;Ljava/lang/Object;ZZ)Ljava/lang/Object; @ 109 c2
Event: 928.285 Thread 0x000001cde5347fe0 DEOPT PACKING pc=0x000001cdd3229f90 sp=0x000000c7376fde50
Event: 928.285 Thread 0x000001cde5347fe0 DEOPT UNPACKING pc=0x000001cdd2163aa2 sp=0x000000c7376fddb8 mode 2
Event: 928.286 Thread 0x000001cde5347fe0 Uncommon trap: trap_request=0xffffff45 fr.pc=0x000001cdd28af420 relative=0x0000000000000440
Event: 928.286 Thread 0x000001cde5347fe0 Uncommon trap: reason=unstable_if action=reinterpret pc=0x000001cdd28af420 method=java.util.HashMap.resize()[Ljava/util/HashMap$Node; @ 203 c2
Event: 928.286 Thread 0x000001cde5347fe0 DEOPT PACKING pc=0x000001cdd28af420 sp=0x000000c7376fdd80
Event: 928.286 Thread 0x000001cde5347fe0 DEOPT UNPACKING pc=0x000001cdd2163aa2 sp=0x000000c7376fdce8 mode 2

Classes loaded (20 events):
Event: 818.386 Loading class sun/security/provider/certpath/OCSPResponse$SingleResponse
Event: 818.386 Loading class sun/security/provider/certpath/OCSP$RevocationStatus
Event: 818.386 Loading class sun/security/provider/certpath/OCSP$RevocationStatus done
Event: 818.386 Loading class sun/security/provider/certpath/OCSPResponse$SingleResponse done
Event: 818.386 Loading class sun/security/provider/certpath/CertId
Event: 818.387 Loading class sun/security/provider/certpath/CertId done
Event: 818.387 Loading class sun/security/provider/certpath/OCSP$RevocationStatus$CertStatus
Event: 818.387 Loading class sun/security/provider/certpath/OCSP$RevocationStatus$CertStatus done
Event: 818.390 Loading class sun/security/ssl/CertificateVerify$T13CertificateVerifyMessage
Event: 818.391 Loading class sun/security/ssl/CertificateVerify$T13CertificateVerifyMessage done
Event: 818.393 Loading class sun/security/ssl/SSLBasicKeyDerivation
Event: 818.393 Loading class sun/security/ssl/SSLBasicKeyDerivation done
Event: 818.393 Loading class sun/security/ssl/SSLBasicKeyDerivation$SecretSizeSpec
Event: 818.393 Loading class sun/security/ssl/SSLBasicKeyDerivation$SecretSizeSpec done
Event: 818.495 Loading class sun/security/ssl/NewSessionTicket$T13NewSessionTicketMessage
Event: 818.495 Loading class sun/security/ssl/NewSessionTicket$T13NewSessionTicketMessage done
Event: 818.816 Loading class java/io/CharArrayReader
Event: 818.816 Loading class java/io/CharArrayReader done
Event: 818.816 Loading class java/util/regex/Pattern$Bound
Event: 818.816 Loading class java/util/regex/Pattern$Bound done

Classes unloaded (7 events):
Event: 13.674 Thread 0x000001cddbea48e0 Unloading class 0x000001cd81198c00 'java/lang/invoke/LambdaForm$MH+0x000001cd81198c00'
Event: 13.674 Thread 0x000001cddbea48e0 Unloading class 0x000001cd81198800 'java/lang/invoke/LambdaForm$MH+0x000001cd81198800'
Event: 13.674 Thread 0x000001cddbea48e0 Unloading class 0x000001cd81198400 'java/lang/invoke/LambdaForm$MH+0x000001cd81198400'
Event: 13.674 Thread 0x000001cddbea48e0 Unloading class 0x000001cd81198000 'java/lang/invoke/LambdaForm$MH+0x000001cd81198000'
Event: 13.674 Thread 0x000001cddbea48e0 Unloading class 0x000001cd81197c00 'java/lang/invoke/LambdaForm$BMH+0x000001cd81197c00'
Event: 13.674 Thread 0x000001cddbea48e0 Unloading class 0x000001cd81197800 'java/lang/invoke/LambdaForm$DMH+0x000001cd81197800'
Event: 13.674 Thread 0x000001cddbea48e0 Unloading class 0x000001cd81196400 'java/lang/invoke/LambdaForm$DMH+0x000001cd81196400'

Classes redefined (0 events):
No events

Internal exceptions (20 events):
Event: 26.244 Thread 0x000001cdf0196070 Exception <a 'sun/nio/fs/WindowsException'{0x00000000eacf1680}> (0x00000000eacf1680) 
thrown [s\src\hotspot\share\prims\jni.cpp, line 520]
Event: 26.741 Thread 0x000001cddd8b1780 Implicit null exception at 0x000001cdd2a5170b to 0x000001cdd2a522bc
Event: 315.556 Thread 0x000001cdf0193910 Exception <a 'java/lang/NoSuchMethodError'{0x00000000eab09448}: static [J.<clinit>()V> (0x00000000eab09448) 
thrown [s\src\hotspot\share\prims\jni.cpp, line 1111]
Event: 315.560 Thread 0x000001cdf0193910 Exception <a 'java/lang/NoSuchMethodError'{0x00000000eab3ab18}: 'java.lang.Object java.lang.invoke.DirectMethodHandle$Holder.newInvokeSpecial(java.lang.Object, java.lang.Object, java.lang.Object, java.lang.Object, java.lang.Object, java.lang.Object, java.lang.Object, java.lang.Object)'> (0x00000000eab3ab18) 
thrown [s\src\hotspot\share\interpreter\linkResolver.cpp, line 773]
Event: 471.587 Thread 0x000001cde722a750 Implicit null exception at 0x000001cdd3289213 to 0x000001cdd328b014
Event: 797.341 Thread 0x000001cde722a750 Exception <a 'java/lang/IncompatibleClassChangeError'{0x00000000eab9fdd0}: Found class java.lang.Object, but interface was expected> (0x00000000eab9fdd0) 
thrown [s\src\hotspot\share\interpreter\linkResolver.cpp, line 840]
Event: 797.347 Thread 0x000001cdefc7fb10 Exception <a 'java/lang/NoSuchMethodError'{0x00000000eabf6b80}: 'java.lang.Object java.lang.invoke.DirectMethodHandle$Holder.newInvokeSpecial(java.lang.Object, java.lang.Object, java.lang.Object, java.lang.Object, int)'> (0x00000000eabf6b80) 
thrown [s\src\hotspot\share\interpreter\linkResolver.cpp, line 773]
Event: 797.347 Thread 0x000001cdefc7fb10 Exception <a 'java/lang/NoSuchMethodError'{0x00000000eabfafb0}: 'java.lang.Object java.lang.invoke.DirectMethodHandle$Holder.invokeSpecial(java.lang.Object, java.lang.Object, java.lang.Object, java.lang.Object, java.lang.Object, int)'> (0x00000000eabfafb0) 
thrown [s\src\hotspot\share\interpreter\linkResolver.cpp, line 773]
Event: 797.347 Thread 0x000001cdefc7fb10 Exception <a 'java/lang/NoSuchMethodError'{0x00000000eabfea68}: 'java.lang.Object java.lang.invoke.Invokers$Holder.linkToTargetMethod(java.lang.Object, java.lang.Object, java.lang.Object, int, java.lang.Object)'> (0x00000000eabfea68) 
thrown [s\src\hotspot\share\interpreter\linkResolver.cpp, line 773]
Event: 797.467 Thread 0x000001cde722a750 Exception <a 'java/lang/IncompatibleClassChangeError'{0x00000000ead07048}: Found class java.lang.Object, but interface was expected> (0x00000000ead07048) 
thrown [s\src\hotspot\share\interpreter\linkResolver.cpp, line 840]
Event: 797.518 Thread 0x000001cdefc7fb10 Exception <a 'java/lang/NoSuchMethodError'{0x00000000eacafb38}: 'int java.lang.invoke.Invokers$Holder.invokeExact_MT(java.lang.Object, java.lang.Object)'> (0x00000000eacafb38) 
thrown [s\src\hotspot\share\interpreter\linkResolver.cpp, line 773]
Event: 797.528 Thread 0x000001cde722a750 Exception <a 'java/lang/IncompatibleClassChangeError'{0x00000000eacf39c8}: Found class java.lang.Object, but interface was expected> (0x00000000eacf39c8) 
thrown [s\src\hotspot\share\interpreter\linkResolver.cpp, line 840]
Event: 797.569 Thread 0x000001cdefc7fb10 Exception <a 'java/lang/IncompatibleClassChangeError'{0x00000000eac30910}: Found class java.lang.Object, but interface was expected> (0x00000000eac30910) 
thrown [s\src\hotspot\share\interpreter\linkResolver.cpp, line 840]
Event: 797.960 Thread 0x000001cde722a750 Exception <a 'java/lang/IncompatibleClassChangeError'{0x00000000eacae270}: Found class java.lang.Object, but interface was expected> (0x00000000eacae270) 
thrown [s\src\hotspot\share\interpreter\linkResolver.cpp, line 840]
Event: 797.973 Thread 0x000001cdefc7fb10 Implicit null exception at 0x000001cdd2dee05a to 0x000001cdd2dee0b3
Event: 816.917 Thread 0x000001cde722a750 Exception <a 'java/lang/IncompatibleClassChangeError'{0x00000000ead33808}: Found class java.lang.Object, but interface was expected> (0x00000000ead33808) 
thrown [s\src\hotspot\share\interpreter\linkResolver.cpp, line 840]
Event: 816.990 Thread 0x000001cdefc7fb10 Exception <a 'java/lang/NoSuchMethodError'{0x00000000eab63f58}: 'java.lang.Object java.lang.invoke.DirectMethodHandle$Holder.invokeStaticInit(java.lang.Object, java.lang.Object, int)'> (0x00000000eab63f58) 
thrown [s\src\hotspot\share\interpreter\linkResolver.cpp, line 773]
Event: 817.061 Thread 0x000001cdefc7fb10 Exception <a 'java/lang/NoSuchMethodError'{0x00000000eab05a38}: 'void java.lang.invoke.DirectMethodHandle$Holder.invokeStatic(java.lang.Object, java.lang.Object, java.lang.Object, java.lang.Object, java.lang.Object, java.lang.Object, java.lang.Object)'> (0x00000000eab05a38) 
thrown [s\src\hotspot\share\interpreter\linkResolver.cpp, line 773]
Event: 817.372 Thread 0x000001cde534dbc0 Exception <a 'java/lang/NoSuchMethodError'{0x00000000eac86c70}: 'void java.lang.invoke.DirectMethodHandle$Holder.invokeStatic(java.lang.Object, java.lang.Object, int)'> (0x00000000eac86c70) 
thrown [s\src\hotspot\share\interpreter\linkResolver.cpp, line 773]
Event: 927.899 Thread 0x000001cde722a750 Exception <a 'java/lang/IncompatibleClassChangeError'{0x00000000eac614c8}: Found class java.lang.Object, but interface was expected> (0x00000000eac614c8) 
thrown [s\src\hotspot\share\interpreter\linkResolver.cpp, line 840]

ZGC Phase Switch (0 events):
No events

VM Operations (20 events):
Event: 927.968 Executing VM operation: ParallelGCFailedAllocation (Allocation Failure)
Event: 927.971 Executing VM operation: ParallelGCFailedAllocation (Allocation Failure) done
Event: 927.985 Executing VM operation: ParallelGCFailedAllocation (Allocation Failure)
Event: 927.987 Executing VM operation: ParallelGCFailedAllocation (Allocation Failure) done
Event: 928.037 Executing VM operation: ParallelGCFailedAllocation (Allocation Failure)
Event: 928.039 Executing VM operation: ParallelGCFailedAllocation (Allocation Failure) done
Event: 928.076 Executing VM operation: ParallelGCFailedAllocation (Allocation Failure)
Event: 928.080 Executing VM operation: ParallelGCFailedAllocation (Allocation Failure) done
Event: 928.116 Executing VM operation: ParallelGCFailedAllocation (Allocation Failure)
Event: 928.118 Executing VM operation: ParallelGCFailedAllocation (Allocation Failure) done
Event: 928.169 Executing VM operation: ParallelGCFailedAllocation (Allocation Failure)
Event: 928.172 Executing VM operation: ParallelGCFailedAllocation (Allocation Failure) done
Event: 928.202 Executing VM operation: ParallelGCFailedAllocation (Allocation Failure)
Event: 928.205 Executing VM operation: ParallelGCFailedAllocation (Allocation Failure) done
Event: 928.249 Executing VM operation: ParallelGCFailedAllocation (Allocation Failure)
Event: 928.252 Executing VM operation: ParallelGCFailedAllocation (Allocation Failure) done
Event: 928.265 Executing VM operation: ParallelGCFailedAllocation (Allocation Failure)
Event: 928.268 Executing VM operation: ParallelGCFailedAllocation (Allocation Failure) done
Event: 928.279 Executing VM operation: ParallelGCFailedAllocation (Allocation Failure)
Event: 928.282 Executing VM operation: ParallelGCFailedAllocation (Allocation Failure) done

Memory protections (0 events):
No events

Nmethod flushes (20 events):
Event: 17.590 Thread 0x000001cddbea48e0 flushing  nmethod 0x000001cdcb64fc10
Event: 17.590 Thread 0x000001cddbea48e0 flushing  nmethod 0x000001cdcb663b10
Event: 17.590 Thread 0x000001cddbea48e0 flushing  nmethod 0x000001cdcb668b10
Event: 17.590 Thread 0x000001cddbea48e0 flushing  nmethod 0x000001cdcb669a90
Event: 17.590 Thread 0x000001cddbea48e0 flushing  nmethod 0x000001cdcb66a190
Event: 17.590 Thread 0x000001cddbea48e0 flushing  nmethod 0x000001cdcb66a790
Event: 17.590 Thread 0x000001cddbea48e0 flushing  nmethod 0x000001cdcb66b690
Event: 17.590 Thread 0x000001cddbea48e0 flushing  nmethod 0x000001cdcb66bf10
Event: 17.590 Thread 0x000001cddbea48e0 flushing  nmethod 0x000001cdcb66c290
Event: 17.590 Thread 0x000001cddbea48e0 flushing  nmethod 0x000001cdcb66da10
Event: 17.590 Thread 0x000001cddbea48e0 flushing  nmethod 0x000001cdcb699c90
Event: 17.590 Thread 0x000001cddbea48e0 flushing  nmethod 0x000001cdcb69d010
Event: 17.590 Thread 0x000001cddbea48e0 flushing  nmethod 0x000001cdcb6ae710
Event: 17.590 Thread 0x000001cddbea48e0 flushing  nmethod 0x000001cdcb6dfa10
Event: 17.590 Thread 0x000001cddbea48e0 flushing  nmethod 0x000001cdcb747490
Event: 17.590 Thread 0x000001cddbea48e0 flushing  nmethod 0x000001cdcb760290
Event: 17.590 Thread 0x000001cddbea48e0 flushing  nmethod 0x000001cdcb765210
Event: 17.590 Thread 0x000001cddbea48e0 flushing  nmethod 0x000001cdcb7a5110
Event: 17.590 Thread 0x000001cddbea48e0 flushing  nmethod 0x000001cdcb7a5590
Event: 17.590 Thread 0x000001cddbea48e0 flushing  nmethod 0x000001cdcb7af210

Events (20 events):
Event: 828.802 Thread 0x000001cde5349390 Thread exited: 0x000001cde5349390
Event: 877.389 Thread 0x000001cde534baf0 Thread exited: 0x000001cde534baf0
Event: 878.279 Thread 0x000001cde534b460 Thread exited: 0x000001cde534b460
Event: 927.905 Thread 0x000001cde534a740 Thread added: 0x000001cde53472c0
Event: 927.905 Thread 0x000001cdefc7fb10 Thread added: 0x000001cde534c180
Event: 927.905 Thread 0x000001cde53472c0 Thread added: 0x000001cde534baf0
Event: 927.905 Thread 0x000001cde534c180 Thread added: 0x000001cde5349390
Event: 927.905 Thread 0x000001cde534baf0 Thread added: 0x000001cde5349a20
Event: 927.905 Thread 0x000001cde5349390 Thread added: 0x000001cde534c810
Event: 927.905 Thread 0x000001cde5349a20 Thread added: 0x000001cde534b460
Event: 927.905 Thread 0x000001cde534c810 Thread added: 0x000001cde534cea0
Event: 927.905 Thread 0x000001cde534b460 Thread added: 0x000001cde5348670
Event: 927.906 Thread 0x000001cde534cea0 Thread added: 0x000001cde534d530
Event: 927.906 Thread 0x000001cde5348670 Thread added: 0x000001cde5346c30
Event: 927.906 Thread 0x000001cde5346c30 Thread added: 0x000001cde534e250
Event: 927.930 Thread 0x000001cddd5885b0 Thread added: 0x000001cded5e7a20
Event: 927.935 Thread 0x000001cddd5885b0 Thread added: 0x000001cded5e9c30
Event: 927.980 Thread 0x000001cddd5885b0 Thread added: 0x000001cded5ebe40
Event: 927.980 Thread 0x000001cddd5885b0 Thread added: 0x000001cded5eb770
Event: 928.062 Thread 0x000001cded5eb770 Thread added: 0x000001cded5ea9d0


Dynamic libraries:
0x00007ff65a480000 - 0x00007ff65a48e000 	c:\Users\hosny\.cursor\extensions\redhat.java-1.40.0-win32-x64\jre\21.0.6-win32-x86_64\bin\java.exe
0x00007ff8995b0000 - 0x00007ff8997a8000 	C:\Windows\SYSTEM32\ntdll.dll
0x00007ff8976f0000 - 0x00007ff8977b2000 	C:\Windows\System32\KERNEL32.DLL
0x00007ff896e10000 - 0x00007ff89710f000 	C:\Windows\System32\KERNELBASE.dll
0x00007ff8974d0000 - 0x00007ff8975d0000 	C:\Windows\System32\ucrtbase.dll
0x00007ff8808a0000 - 0x00007ff8808b8000 	c:\Users\hosny\.cursor\extensions\redhat.java-1.40.0-win32-x64\jre\21.0.6-win32-x86_64\bin\jli.dll
0x00007ff87d180000 - 0x00007ff87d19e000 	c:\Users\hosny\.cursor\extensions\redhat.java-1.40.0-win32-x64\jre\21.0.6-win32-x86_64\bin\VCRUNTIME140.dll
0x00007ff899090000 - 0x00007ff89922d000 	C:\Windows\System32\USER32.dll
0x00007ff897410000 - 0x00007ff897432000 	C:\Windows\System32\win32u.dll
0x00007ff885310000 - 0x00007ff8855aa000 	C:\Windows\WinSxS\amd64_microsoft.windows.common-controls_6595b64144ccf1df_6.0.19041.4355_none_60b8b9eb71f62e16\COMCTL32.dll
0x00007ff898e30000 - 0x00007ff898e5b000 	C:\Windows\System32\GDI32.dll
0x00007ff897eb0000 - 0x00007ff897f4e000 	C:\Windows\System32\msvcrt.dll
0x00007ff897160000 - 0x00007ff89727a000 	C:\Windows\System32\gdi32full.dll
0x00007ff896c50000 - 0x00007ff896ced000 	C:\Windows\System32\msvcp_win.dll
0x00007ff899540000 - 0x00007ff89956f000 	C:\Windows\System32\IMM32.DLL
0x00007ff882e20000 - 0x00007ff882e2c000 	c:\Users\hosny\.cursor\extensions\redhat.java-1.40.0-win32-x64\jre\21.0.6-win32-x86_64\bin\vcruntime140_1.dll
0x00007ff86ace0000 - 0x00007ff86ad6d000 	c:\Users\hosny\.cursor\extensions\redhat.java-1.40.0-win32-x64\jre\21.0.6-win32-x86_64\bin\msvcp140.dll
0x00007ff8076c0000 - 0x00007ff808450000 	c:\Users\hosny\.cursor\extensions\redhat.java-1.40.0-win32-x64\jre\21.0.6-win32-x86_64\bin\server\jvm.dll
0x00007ff897980000 - 0x00007ff897a2f000 	C:\Windows\System32\ADVAPI32.dll
0x00007ff8975d0000 - 0x00007ff89766f000 	C:\Windows\System32\sechost.dll
0x00007ff899410000 - 0x00007ff899533000 	C:\Windows\System32\RPCRT4.dll
0x00007ff8973e0000 - 0x00007ff897407000 	C:\Windows\System32\bcrypt.dll
0x00007ff8986e0000 - 0x00007ff89874b000 	C:\Windows\System32\WS2_32.dll
0x00007ff8961e0000 - 0x00007ff89622b000 	C:\Windows\SYSTEM32\POWRPROF.dll
0x00007ff88c330000 - 0x00007ff88c357000 	C:\Windows\SYSTEM32\WINMM.dll
0x00007ff88f5a0000 - 0x00007ff88f5aa000 	C:\Windows\SYSTEM32\VERSION.dll
0x00007ff896050000 - 0x00007ff896062000 	C:\Windows\SYSTEM32\UMPDC.dll
0x00007ff894ad0000 - 0x00007ff894ae2000 	C:\Windows\SYSTEM32\kernel.appcore.dll
0x00007ff882c40000 - 0x00007ff882c4a000 	c:\Users\hosny\.cursor\extensions\redhat.java-1.40.0-win32-x64\jre\21.0.6-win32-x86_64\bin\jimage.dll
0x00007ff88e990000 - 0x00007ff88eb74000 	C:\Windows\SYSTEM32\DBGHELP.DLL
0x00007ff87fe70000 - 0x00007ff87fea4000 	C:\Windows\SYSTEM32\dbgcore.DLL
0x00007ff897440000 - 0x00007ff8974c2000 	C:\Windows\System32\bcryptPrimitives.dll
0x00007ff874010000 - 0x00007ff87401f000 	c:\Users\hosny\.cursor\extensions\redhat.java-1.40.0-win32-x64\jre\21.0.6-win32-x86_64\bin\instrument.dll
0x00007ff873ff0000 - 0x00007ff87400f000 	c:\Users\hosny\.cursor\extensions\redhat.java-1.40.0-win32-x64\jre\21.0.6-win32-x86_64\bin\java.dll
0x00007ff897f70000 - 0x00007ff8986dd000 	C:\Windows\System32\SHELL32.dll
0x00007ff894cd0000 - 0x00007ff895474000 	C:\Windows\SYSTEM32\windows.storage.dll
0x00007ff897b50000 - 0x00007ff897ea5000 	C:\Windows\System32\combase.dll
0x00007ff896680000 - 0x00007ff8966ab000 	C:\Windows\SYSTEM32\Wldp.dll
0x00007ff8977c0000 - 0x00007ff89788d000 	C:\Windows\System32\OLEAUT32.dll
0x00007ff899230000 - 0x00007ff8992dd000 	C:\Windows\System32\SHCORE.dll
0x00007ff898dd0000 - 0x00007ff898e25000 	C:\Windows\System32\shlwapi.dll
0x00007ff896b80000 - 0x00007ff896ba5000 	C:\Windows\SYSTEM32\profapi.dll
0x00007ff873f30000 - 0x00007ff873f48000 	c:\Users\hosny\.cursor\extensions\redhat.java-1.40.0-win32-x64\jre\21.0.6-win32-x86_64\bin\zip.dll
0x00007ff873fe0000 - 0x00007ff873ff0000 	C:\Users\hosny\.cursor\extensions\redhat.java-1.40.0-win32-x64\jre\21.0.6-win32-x86_64\bin\net.dll
0x00007ff891c00000 - 0x00007ff891d0a000 	C:\Windows\SYSTEM32\WINHTTP.dll
0x00007ff8963e0000 - 0x00007ff89644c000 	C:\Windows\system32\mswsock.dll
0x00007ff873bc0000 - 0x00007ff873bd6000 	C:\Users\hosny\.cursor\extensions\redhat.java-1.40.0-win32-x64\jre\21.0.6-win32-x86_64\bin\nio.dll
0x00007ff873e20000 - 0x00007ff873e30000 	c:\Users\hosny\.cursor\extensions\redhat.java-1.40.0-win32-x64\jre\21.0.6-win32-x86_64\bin\verify.dll
0x00007ff870a90000 - 0x00007ff870ad5000 	C:\Users\hosny\AppData\Roaming\Cursor\User\globalStorage\redhat.java\1.40.0\config_win\org.eclipse.equinox.launcher\org.eclipse.equinox.launcher.win32.win32.x86_64_1.2.1200.v20250212-0927\eclipse_11909.dll
0x00007ff8992e0000 - 0x00007ff89940b000 	C:\Windows\System32\ole32.dll
0x00007ff8965d0000 - 0x00007ff8965e8000 	C:\Windows\SYSTEM32\CRYPTSP.dll
0x00007ff895c90000 - 0x00007ff895cc8000 	C:\Windows\system32\rsaenh.dll
0x00007ff896b00000 - 0x00007ff896b2e000 	C:\Windows\SYSTEM32\USERENV.dll
0x00007ff8965f0000 - 0x00007ff8965fc000 	C:\Windows\SYSTEM32\CRYPTBASE.dll
0x00007ff896070000 - 0x00007ff8960ab000 	C:\Windows\SYSTEM32\IPHLPAPI.DLL
0x00007ff898e60000 - 0x00007ff898e68000 	C:\Windows\System32\NSI.dll
0x00007ff86e210000 - 0x00007ff86e259000 	C:\Users\hosny\AppData\Local\Temp\jna-99467031\jna15355140987211993013.dll
0x00007ff899080000 - 0x00007ff899088000 	C:\Windows\System32\PSAPI.DLL
0x00007ff8926c0000 - 0x00007ff8926d7000 	C:\Windows\SYSTEM32\dhcpcsvc6.DLL
0x00007ff8926a0000 - 0x00007ff8926bd000 	C:\Windows\SYSTEM32\dhcpcsvc.DLL
0x00007ff873dd0000 - 0x00007ff873dde000 	C:\Users\hosny\.cursor\extensions\redhat.java-1.40.0-win32-x64\jre\21.0.6-win32-x86_64\bin\sunmscapi.dll
0x00007ff897280000 - 0x00007ff8973dc000 	C:\Windows\System32\CRYPT32.dll
0x00007ff8966f0000 - 0x00007ff896717000 	C:\Windows\SYSTEM32\ncrypt.dll
0x00007ff8966b0000 - 0x00007ff8966eb000 	C:\Windows\SYSTEM32\NTASN1.dll
0x00007ff8960c0000 - 0x00007ff89618a000 	C:\Windows\SYSTEM32\DNSAPI.dll
0x00007ff88ffe0000 - 0x00007ff88ffea000 	C:\Windows\System32\rasadhlp.dll
0x00007ff88f880000 - 0x00007ff88f900000 	C:\Windows\System32\fwpuclnt.dll
0x00007ff873dc0000 - 0x00007ff873dc9000 	C:\Users\hosny\.cursor\extensions\redhat.java-1.40.0-win32-x64\jre\21.0.6-win32-x86_64\bin\extnet.dll
0x00007ff85f720000 - 0x00007ff85f727000 	C:\Windows\system32\wshunix.dll

dbghelp: loaded successfully - version: 4.0.5 - missing functions: none
symbol engine: initialized successfully - sym options: 0x614 - pdb path: .;c:\Users\hosny\.cursor\extensions\redhat.java-1.40.0-win32-x64\jre\21.0.6-win32-x86_64\bin;C:\Windows\SYSTEM32;C:\Windows\WinSxS\amd64_microsoft.windows.common-controls_6595b64144ccf1df_6.0.19041.4355_none_60b8b9eb71f62e16;c:\Users\hosny\.cursor\extensions\redhat.java-1.40.0-win32-x64\jre\21.0.6-win32-x86_64\bin\server;C:\Users\hosny\AppData\Roaming\Cursor\User\globalStorage\redhat.java\1.40.0\config_win\org.eclipse.equinox.launcher\org.eclipse.equinox.launcher.win32.win32.x86_64_1.2.1200.v20250212-0927;C:\Users\hosny\AppData\Local\Temp\jna-99467031

VM Arguments:
jvm_args: --add-modules=ALL-SYSTEM --add-opens=java.base/java.util=ALL-UNNAMED --add-opens=java.base/java.lang=ALL-UNNAMED --add-opens=java.base/sun.nio.fs=ALL-UNNAMED -Declipse.application=org.eclipse.jdt.ls.core.id1 -Dosgi.bundles.defaultStartLevel=4 -Declipse.product=org.eclipse.jdt.ls.core.product -Djava.import.generatesMetadataFilesAtProjectRoot=false -DDetectVMInstallationsJob.disabled=true -Dfile.encoding=utf8 -XX:+UseParallelGC -XX:GCTimeRatio=4 -XX:AdaptiveSizePolicyWeight=90 -Dsun.zip.disableMemoryMapping=true -Xmx1G -Xms100m -Xlog:disable -javaagent:c:\Users\hosny\.cursor\extensions\redhat.java-1.40.0-win32-x64\lombok\lombok-1.18.36.jar -XX:+HeapDumpOnOutOfMemoryError -XX:HeapDumpPath=c:\Users\hosny\AppData\Roaming\Cursor\User\workspaceStorage\118028b00ceaf41fbe1e63c184424521\redhat.java -Daether.dependencyCollector.impl=bf 
java_command: c:\Users\hosny\.cursor\extensions\redhat.java-1.40.0-win32-x64\server\plugins\org.eclipse.equinox.launcher_1.6.1000.v20250131-0606.jar -configuration c:\Users\hosny\AppData\Roaming\Cursor\User\globalStorage\redhat.java\1.40.0\config_win -data c:\Users\hosny\AppData\Roaming\Cursor\User\workspaceStorage\118028b00ceaf41fbe1e63c184424521\redhat.java\jdt_ws --pipe=\\.\pipe\lsp-c5a65c0f335eaa61e4418fcee2470167-sock
java_class_path (initial): c:\Users\hosny\.cursor\extensions\redhat.java-1.40.0-win32-x64\server\plugins\org.eclipse.equinox.launcher_1.6.1000.v20250131-0606.jar
Launcher Type: SUN_STANDARD

[Global flags]
    uintx AdaptiveSizePolicyWeight                 = 90                                        {product} {command line}
     intx CICompilerCount                          = 12                                        {product} {ergonomic}
    uintx GCTimeRatio                              = 4                                         {product} {command line}
     bool HeapDumpOnOutOfMemoryError               = true                                   {manageable} {command line}
    ccstr HeapDumpPath                             = c:\Users\hosny\AppData\Roaming\Cursor\User\workspaceStorage\118028b00ceaf41fbe1e63c184424521\redhat.java         {manageable} {command line}
   size_t InitialHeapSize                          = 104857600                                 {product} {command line}
   size_t MaxHeapSize                              = 1073741824                                {product} {command line}
   size_t MaxNewSize                               = 357564416                                 {product} {ergonomic}
   size_t MinHeapDeltaBytes                        = 524288                                    {product} {ergonomic}
   size_t MinHeapSize                              = 104857600                                 {product} {command line}
   size_t NewSize                                  = 34603008                                  {product} {ergonomic}
    uintx NonNMethodCodeHeapSize                   = 7602480                                {pd product} {ergonomic}
    uintx NonProfiledCodeHeapSize                  = 122027880                              {pd product} {ergonomic}
   size_t OldSize                                  = 70254592                                  {product} {ergonomic}
    uintx ProfiledCodeHeapSize                     = 122027880                              {pd product} {ergonomic}
    uintx ReservedCodeCacheSize                    = 251658240                              {pd product} {ergonomic}
     bool SegmentedCodeCache                       = true                                      {product} {ergonomic}
   size_t SoftMaxHeapSize                          = 1073741824                             {manageable} {ergonomic}
     bool UseCompressedOops                        = true                           {product lp64_product} {ergonomic}
     bool UseLargePagesIndividualAllocation        = false                                  {pd product} {ergonomic}
     bool UseParallelGC                            = true                                      {product} {command line}

Logging:
Log output configuration:
 #0: stdout all=off uptime,level,tags foldmultilines=false
 #1: stderr all=off uptime,level,tags foldmultilines=false

Environment Variables:
CLASSPATH=D:\ITI_Labs\jars\json-20200518.jar
PATH=c:\Users\hosny\AppData\Local\Programs\cursor\resources\app\bin;C:\Program Files\Java\jdk-23\bin;C:\Program Files\Common Files\Oracle\Java\javapath;C:\Windows\system32;C:\Windows;C:\Windows\System32\Wbem;C:\Windows\System32\WindowsPowerShell\v1.0\;C:\Windows\System32\OpenSSH\;C:\Program Files (x86)\NVIDIA Corporation\PhysX\Common;C:\Program Files\Cloudflare\Cloudflare WARP\;C:\Users\hosny\AppData\Local\Microsoft\WindowsApps;c:\Users\hosny\AppData\Local\Programs\cursor\resources\app\bin;C:\Program Files (x86)\Microsoft SQL Server\160\Tools\Binn\;C:\Program Files\Microsoft SQL Server\160\Tools\Binn\;C:\Program Files\Microsoft SQL Server\Client SDK\ODBC\170\Tools\Binn\;C:\Program Files\Microsoft SQL Server\160\DTS\Binn\;C:\Program Files (x86)\Microsoft SQL Server\160\DTS\Binn\;C:\DEvTools\apache-maven-3.9.9\bin;C:\Windows\System32\ngrok.exe;C:\Program Files\Git\cmd;C:\Program Files\NVIDIA Corporation\NVIDIA app\NvDLISR;C:\Users\hosny\AppData\Local\Microsoft\WindowsApps;C:\Users\hosny\AppData\Local\Programs\Microsoft VS Code\bin;C:\Program Files\JetBrains\IntelliJ IDEA 2024.3.2.2\bin;C:\Users\hosny\AppData\Local\GitHubDesktop\bin;C:\Users\hosny\AppData\Local\JetBrains\Toolbox\scripts;C:\Users\hosny\AppData\Local\Programs\cursor\resources\app\bin
USERNAME=hosny
OS=Windows_NT
PROCESSOR_IDENTIFIER=AMD64 Family 25 Model 80 Stepping 0, AuthenticAMD
TMP=C:\Users\hosny\AppData\Local\Temp
TEMP=C:\Users\hosny\AppData\Local\Temp




Periodic native trim disabled

---------------  S Y S T E M  ---------------

OS:
 Windows 10 , 64 bit Build 19041 (10.0.19041.5438)
OS uptime: 2 days 23:06 hours

CPU: total 16 (initial active 16) (16 cores per cpu, 2 threads per core) family 25 model 80 stepping 0 microcode 0x0, cx8, cmov, fxsr, ht, mmx, 3dnowpref, sse, sse2, sse3, ssse3, sse4a, sse4.1, sse4.2, popcnt, lzcnt, tsc, tscinvbit, avx, avx2, aes, erms, clmul, bmi1, bmi2, adx, sha, fma, vzeroupper, clflush, clflushopt, rdtscp, rdpid, fsrm, f16c, pku, cet_ss
Processor Information for the first 16 processors :
  Max Mhz: 3201, Current Mhz: 3201, Mhz Limit: 3201

Memory: 4k page, system-wide physical 14188M (1067M free)
TotalPageFile size 29915M (AvailPageFile size 3M)
current process WorkingSet (physical memory assigned to process): 572M, peak: 871M
current process commit charge ("private bytes"): 938M, peak: 938M

vm_info: OpenJDK 64-Bit Server VM (21.0.6+7-LTS) for windows-amd64 JRE (21.0.6+7-LTS), built on 2025-01-21T00:00:00Z by "admin" with MS VC++ 17.7 (VS2022)

END.
